=== REVIEW PROMPT ===
# Code Review Request

## Task Completed: TASK-004 — Final verification and scope check

## Changed Files:
docs/risk-classify.md

## Full Diff:
diff --git a/docs/risk-classify.md b/docs/risk-classify.md
index 7732bd8..cb07a48 100644
--- a/docs/risk-classify.md
+++ b/docs/risk-classify.md
@@ -45,7 +45,7 @@ Exactly one of the three modes must be given. Shared options: `--risk-model`
 | `tier` | Resulting risk tier: `low` / `medium` / `high` / `critical`. |
 | `phase` | `ex_ante` (declared scope) or `ex_post` (actual diff). |
 | `inputs` | The three axis values fed to the combinator: `change_class`, `blast_radius`, `trust_boundary`. |
-| `dominant_axis` | The axis that produced the max, or `floor` when the profile floor dominates. |
+| `dominant_axis` | The axis that produced the max, or `floor` when a floor (profile or scope-violation) dominates. |
 | `floor_profile` | The profile whose floor was applied (e.g. `lite`). |
 | `mandatory_gates` | Gate ids mandatory at this tier, from the risk model's `tier_gates`. |
 | `flags` | Raised flags, e.g. `scope_violation`. |
@@ -60,3 +60,39 @@ Output is byte-stable (sorted keys, fixed formatting), so two runs can be diffed
   classification is a function, not a check.
 - `2` — configuration error (bad or missing risk model, invalid input file,
   wrong option usage).
+
+## steward waivers-check [DIR]
+
+Validates the waiver files under `DIR` (default `spec/waivers`) against the current
+commit. `--sha` sets the head SHA to compare against (default: git HEAD of `--repo`).
+A missing directory is clean — no waivers, exit 0.
+
+### Waiver frontmatter
+
+A waiver is a markdown file with YAML frontmatter; approval is the merged PR itself
+(CODEOWNERS on the waivers directory). All five fields are required:
+
+```yaml
+---
+gate_id: gate-review        # the mandatory gate being waived
+sha: <40-hex commit sha>    # full commit SHA the waiver covers
+tier: high                  # classification tier the waiver was issued against
+waived_by: alice            # git handle of the approver
+reason: "hotfix, review to follow in PR #42"  # free-text justification (quote if it contains #)
+---
+```
+
+### Semantics
+
+- **SHA-bound.** A waiver is valid only while its `sha` equals the current HEAD.
+  Any new commit (including a rebase) invalidates all waivers
+  (`waiver-stale-sha`); remove or re-issue them.
+- **Critical forbidden.** Waivers on the `critical` tier are rejected
+  (`waiver-forbidden-tier`, driven by the risk model's `waiver_policy`).
+
+### Exit codes
+
+- `0` — all waivers parse and are valid for the current SHA (or none exist).
+- `1` — findings: malformed waiver file, non-40-hex SHA, unknown tier,
+  forbidden (`critical`) tier, or stale SHA.
+- `2` — configuration error (bad risk model, invalid `--sha`, git failure).


## Diff Summary:
docs/risk-classify.md | 38 +++++++++++++++++++++++++++++++++++++-
 1 file changed, 37 insertions(+), 1 deletion(-)

## Review Instructions:

Launch the following review agents in parallel using the Task tool:

### 1. Quality Agent
Review the code changes for:
- Bugs and logic errors
- Security vulnerabilities
- Error handling gaps

### 2. Implementation Agent
Verify the implementation:
- Code achieves the stated task goals
- All checklist items are properly implemented
- Edge cases are handled

### 3. Testing Agent
Review test coverage:
- New code has adequate test coverage
- Tests are meaningful and not trivial

## Output:

For each issue found, describe it briefly.
If issues are found, fix them and respond with: "REVIEW_FIXED"
If no issues found, respond with: "REVIEW_PASSED"


=== OUTPUT ===
Three review agents ran in parallel (Quality, Implementation, Testing). Results:

**Quality** — no findings. Every factual claim in the changed doc sections was verified against `waivers.py`, `cli.py`, `model.py`, and `profiles/risk-model.yaml`: command/option names, the five required frontmatter fields, finding codes (`waiver-stale-sha`, `waiver-forbidden-tier`), exit-code semantics, missing-dir-is-clean behavior, and the `dominant_axis`=`floor` claim for scope-violation floors all match the implementation.

**Implementation** — checklist mostly passed (branch diff scope clean, pytest green, accuracy verified, no cross-links), with two issues:
1. Document was **98 lines**, over the checklist's ≈60–90 target.
2. The waiver example used `gate_id: gate-review`, which is not a real gate id in the risk model — borderline speculative content.

**Testing** — suite passes (123 tests), all waivers-check behaviors are covered, but one issue:

3. The edited doc claim that `dominant_axis` is `floor` when a **scope-violation** floor dominates was not pinned by any test (`test_ex_post_scope_violation_escalates_and_flags` never asserted `dominant_axis`).

**Fixes applied** (committed as `c9df6f7 TASK-004: code review fixes`):
- Rewrote `docs/risk-classify.md` down to exactly 90 lines by tightening wording (folded the byte-stable note into the intro, single-line exit-code bullets) — no behavior claims were dropped, and the two-part structure, table, and tagged fences required by REQ-013 are intact.
- Replaced the placeholder gate id with the real `steward.gate_check` from `profiles/risk-model.yaml`.
- Added `assert c.dominant_axis == "floor"` to `test_ex_post_scope_violation_escalates_and_flags` in `tests/riskclassify/test_classify.py`.

Verified after fixes: `wc -l` = 90 and `uv run pytest` = 123 passed.

REVIEW_FIXED


=== STDERR ===


=== RETURN CODE: 0 ===
